<?xml version="1.0" encoding="UTF-8"?>
<!-- Generated by org.testng.reporters.JUnitXMLReporter -->
<testsuite hostname="NODE319" name="Test" tests="6" failures="1" timestamp="14 Nov 2014 09:27:36 GMT" time="0.342" errors="0">
  <testcase name="@BeforeMethod LaunchBrowser" time="0.0" classname="com.sharepoint.TestNGtest.Parameter">
    <failure type="org.testng.TestNGException" message="
Parameter &amp;apos;browser&amp;apos; is required by @Configuration on method LaunchBrowser but has not been marked @Optional or defined
in D:\eclipselunaworkspace\SharePoint\testng.xml">
      <![CDATA[org.testng.TestNGException: 
Parameter 'browser' is required by @Configuration on method LaunchBrowser but has not been marked @Optional or defined
in D:\eclipselunaworkspace\SharePoint\testng.xml
... Removed 23 stack frames]]>
    </failure>
  </testcase> <!-- @BeforeMethod LaunchBrowser -->
  <testcase name="@AfterMethod teardown" time="0.0" classname="com.sharepoint.TestNGtest.Parameter">
    <skipped/>
  </testcase> <!-- @AfterMethod teardown -->
  <testcase name="done" time="0.01" classname="com.sharepoint.TestNGtest.Parameter">
    <skipped/>
  </testcase> <!-- done -->
  <testcase name="happen" time="0.0" classname="com.sharepoint.TestNGtest.Annotations">
    <failure type="java.lang.IllegalArgumentException">
      <![CDATA[java.lang.IllegalArgumentException
... Removed 24 stack frames]]>
    </failure>
  </testcase> <!-- happen -->
  <testcase name="happen" time="0.01" classname="com.sharepoint.TestNGtest.Annotations"/>
  <testcase name="happen" time="0.0" classname="com.sharepoint.TestNGtest.Annotations"/>
  <testcase name="happen" time="0.0" classname="com.sharepoint.TestNGtest.Annotations"/>
  <testcase name="happen" time="0.0" classname="com.sharepoint.TestNGtest.Annotations"/>
</testsuite> <!-- Test -->
